{"/home/luiz_victor/Projects/Bora Lá/server/src/routes.ts": {"path":"/home/luiz_victor/Projects/Bora Lá/server/src/routes.ts","statementMap":{"0":{"start":{"line":1,"column":0},"end":{"line":1,"column":52}},"1":{"start":{"line":3,"column":0},"end":{"line":3,"column":58}},"2":{"start":{"line":4,"column":0},"end":{"line":4,"column":56}},"3":{"start":{"line":5,"column":0},"end":{"line":5,"column":66}},"4":{"start":{"line":6,"column":0},"end":{"line":6,"column":56}},"5":{"start":{"line":8,"column":0},"end":{"line":8,"column":27}},"6":{"start":{"line":9,"column":0},"end":{"line":9,"column":49}},"7":{"start":{"line":11,"column":15},"end":{"line":11,"column":31}},"8":{"start":{"line":12,"column":15},"end":{"line":12,"column":35}},"9":{"start":{"line":14,"column":23},"end":{"line":14,"column":43}},"10":{"start":{"line":15,"column":24},"end":{"line":15,"column":45}},"11":{"start":{"line":16,"column":28},"end":{"line":16,"column":53}},"12":{"start":{"line":17,"column":23},"end":{"line":17,"column":43}},"13":{"start":{"line":19,"column":0},"end":{"line":20,"column":null}},"14":{"start":{"line":22,"column":0},"end":{"line":29,"column":null}},"15":{"start":{"line":31,"column":0},"end":{"line":37,"column":null}},"16":{"start":{"line":39,"column":0},"end":{"line":47,"column":null}},"17":{"start":{"line":49,"column":0},"end":{"line":49,"column":null}}},"fnMap":{},"branchMap":{},"s":{"0":1,"1":1,"2":1,"3":1,"4":1,"5":1,"6":1,"7":1,"8":1,"9":1,"10":1,"11":1,"12":1,"13":1,"14":1,"15":1,"16":1,"17":1},"f":{},"b":{}}
,"/home/luiz_victor/Projects/Bora Lá/server/src/server.ts": {"path":"/home/luiz_victor/Projects/Bora Lá/server/src/server.ts","statementMap":{"0":{"start":{"line":1,"column":0},"end":{"line":1,"column":52}},"1":{"start":{"line":2,"column":0},"end":{"line":2,"column":29}},"2":{"start":{"line":3,"column":0},"end":{"line":3,"column":23}},"3":{"start":{"line":4,"column":0},"end":{"line":4,"column":23}},"4":{"start":{"line":6,"column":12},"end":{"line":6,"column":21}},"5":{"start":{"line":8,"column":0},"end":{"line":8,"column":null}},"6":{"start":{"line":9,"column":0},"end":{"line":9,"column":null}},"7":{"start":{"line":10,"column":0},"end":{"line":10,"column":null}},"8":{"start":{"line":11,"column":0},"end":{"line":11,"column":null}},"9":{"start":{"line":12,"column":0},"end":{"line":12,"column":null}},"10":{"start":{"line":14,"column":15},"end":{"line":14,"column":18}},"11":{"start":{"line":16,"column":0},"end":{"line":16,"column":null}}},"fnMap":{},"branchMap":{},"s":{"0":1,"1":1,"2":1,"3":1,"4":1,"5":1,"6":1,"7":1,"8":1,"9":1,"10":1,"11":1},"f":{},"b":{}}
,"/home/luiz_victor/Projects/Bora Lá/server/src/config_multer/multer.ts": {"path":"/home/luiz_victor/Projects/Bora Lá/server/src/config_multer/multer.ts","statementMap":{"0":{"start":{"line":1,"column":0},"end":{"line":1,"column":27}},"1":{"start":{"line":2,"column":0},"end":{"line":2,"column":23}},"2":{"start":{"line":3,"column":0},"end":{"line":3,"column":27}},"3":{"start":{"line":5,"column":0},"end":{"line":16,"column":null}},"4":{"start":{"line":9,"column":25},"end":{"line":9,"column":62}},"5":{"start":{"line":11,"column":32},"end":{"line":11,"column":59}},"6":{"start":{"line":13,"column":12},"end":{"line":13,"column":null}}},"fnMap":{"0":{"name":"(anonymous_1)","decl":{"start":{"line":8,"column":16},"end":{"line":8,"column":17}},"loc":{"start":{"line":8,"column":39},"end":{"line":14,"column":9}}}},"branchMap":{},"s":{"0":1,"1":1,"2":1,"3":1,"4":0,"5":0,"6":0},"f":{"0":0},"b":{}}
,"/home/luiz_victor/Projects/Bora Lá/server/src/controller/AuthController.ts": {"path":"/home/luiz_victor/Projects/Bora Lá/server/src/controller/AuthController.ts","statementMap":{"0":{"start":{"line":2,"column":0},"end":{"line":2,"column":41}},"1":{"start":{"line":4,"column":0},"end":{"line":4,"column":133}},"2":{"start":{"line":7,"column":0},"end":{"line":7,"column":null}},"3":{"start":{"line":9,"column":10},"end":{"line":42,"column":null}},"4":{"start":{"line":12,"column":18},"end":{"line":14,"column":null}},"5":{"start":{"line":17,"column":25},"end":{"line":19,"column":null}},"6":{"start":{"line":17,"column":18},"end":{"line":19,"column":null}},"7":{"start":{"line":21,"column":12},"end":{"line":22,"column":null}},"8":{"start":{"line":22,"column":16},"end":{"line":22,"column":null}},"9":{"start":{"line":26,"column":18},"end":{"line":26,"column":null}},"10":{"start":{"line":28,"column":12},"end":{"line":29,"column":null}},"11":{"start":{"line":29,"column":16},"end":{"line":29,"column":null}},"12":{"start":{"line":31,"column":12},"end":{"line":35,"column":null}},"13":{"start":{"line":39,"column":12},"end":{"line":39,"column":null}},"14":{"start":{"line":43,"column":0},"end":{"line":43,"column":null}},"15":{"start":{"line":46,"column":0},"end":{"line":46,"column":null}}},"fnMap":{"0":{"name":"(anonymous_14)","decl":{"start":{"line":7,"column":0},"end":{"line":7,"column":null}},"loc":{"start":{"line":7,"column":0},"end":{"line":43,"column":null}}},"1":{"name":"(anonymous_16)","decl":{"start":{"line":9,"column":4},"end":{"line":9,"column":10}},"loc":{"start":{"line":9,"column":59},"end":{"line":42,"column":null}}}},"branchMap":{"0":{"loc":{"start":{"line":21,"column":12},"end":{"line":22,"column":null}},"type":"if","locations":[{"start":{"line":21,"column":12},"end":{"line":22,"column":null}},{"start":{"line":21,"column":12},"end":{"line":22,"column":null}}]},"1":{"loc":{"start":{"line":28,"column":12},"end":{"line":29,"column":null}},"type":"if","locations":[{"start":{"line":28,"column":12},"end":{"line":29,"column":null}},{"start":{"line":28,"column":12},"end":{"line":29,"column":null}}]}},"s":{"0":1,"1":1,"2":1,"3":1,"4":0,"5":0,"6":0,"7":0,"8":0,"9":0,"10":0,"11":0,"12":0,"13":0,"14":1,"15":1},"f":{"0":2,"1":0},"b":{"0":[0,0],"1":[0,0]}}
,"/home/luiz_victor/Projects/Bora Lá/server/src/controller/GroupController.ts": {"path":"/home/luiz_victor/Projects/Bora Lá/server/src/controller/GroupController.ts","statementMap":{"0":{"start":{"line":2,"column":0},"end":{"line":2,"column":41}},"1":{"start":{"line":3,"column":0},"end":{"line":3,"column":95}},"2":{"start":{"line":5,"column":0},"end":{"line":5,"column":null}},"3":{"start":{"line":7,"column":10},"end":{"line":33,"column":null}},"4":{"start":{"line":11,"column":16},"end":{"line":11,"column":null}},"5":{"start":{"line":14,"column":26},"end":{"line":17,"column":null}},"6":{"start":{"line":14,"column":18},"end":{"line":17,"column":null}},"7":{"start":{"line":19,"column":28},"end":{"line":22,"column":null}},"8":{"start":{"line":19,"column":18},"end":{"line":22,"column":null}},"9":{"start":{"line":24,"column":12},"end":{"line":29,"column":null}},"10":{"start":{"line":31,"column":12},"end":{"line":31,"column":null}},"11":{"start":{"line":35,"column":10},"end":{"line":55,"column":null}},"12":{"start":{"line":37,"column":28},"end":{"line":38,"column":null}},"13":{"start":{"line":37,"column":18},"end":{"line":38,"column":null}},"14":{"start":{"line":40,"column":18},"end":{"line":45,"column":null}},"15":{"start":{"line":41,"column":16},"end":{"line":43,"column":null}},"16":{"start":{"line":47,"column":12},"end":{"line":51,"column":null}},"17":{"start":{"line":53,"column":12},"end":{"line":53,"column":null}},"18":{"start":{"line":57,"column":10},"end":{"line":83,"column":null}},"19":{"start":{"line":60,"column":20},"end":{"line":60,"column":27}},"20":{"start":{"line":61,"column":26},"end":{"line":63,"column":null}},"21":{"start":{"line":61,"column":18},"end":{"line":63,"column":null}},"22":{"start":{"line":65,"column":18},"end":{"line":68,"column":null}},"23":{"start":{"line":70,"column":12},"end":{"line":74,"column":null}},"24":{"start":{"line":78,"column":12},"end":{"line":80,"column":null}},"25":{"start":{"line":85,"column":10},"end":{"line":126,"column":null}},"26":{"start":{"line":88,"column":18},"end":{"line":93,"column":null}},"27":{"start":{"line":97,"column":23},"end":{"line":105,"column":null}},"28":{"start":{"line":97,"column":18},"end":{"line":105,"column":null}},"29":{"start":{"line":107,"column":12},"end":{"line":117,"column":null}},"30":{"start":{"line":121,"column":12},"end":{"line":123,"column":null}},"31":{"start":{"line":128,"column":10},"end":{"line":169,"column":null}},"32":{"start":{"line":131,"column":20},"end":{"line":131,"column":27}},"33":{"start":{"line":133,"column":18},"end":{"line":138,"column":null}},"34":{"start":{"line":141,"column":12},"end":{"line":149,"column":null}},"35":{"start":{"line":151,"column":12},"end":{"line":160,"column":null}},"36":{"start":{"line":164,"column":12},"end":{"line":166,"column":null}},"37":{"start":{"line":171,"column":10},"end":{"line":193,"column":null}},"38":{"start":{"line":174,"column":20},"end":{"line":174,"column":27}},"39":{"start":{"line":176,"column":12},"end":{"line":178,"column":null}},"40":{"start":{"line":180,"column":12},"end":{"line":184,"column":null}},"41":{"start":{"line":188,"column":12},"end":{"line":190,"column":null}},"42":{"start":{"line":194,"column":0},"end":{"line":194,"column":null}},"43":{"start":{"line":196,"column":0},"end":{"line":196,"column":null}}},"fnMap":{"0":{"name":"(anonymous_16)","decl":{"start":{"line":5,"column":0},"end":{"line":5,"column":null}},"loc":{"start":{"line":5,"column":0},"end":{"line":194,"column":null}}},"1":{"name":"(anonymous_18)","decl":{"start":{"line":7,"column":4},"end":{"line":7,"column":10}},"loc":{"start":{"line":7,"column":64},"end":{"line":33,"column":null}}},"2":{"name":"(anonymous_21)","decl":{"start":{"line":35,"column":4},"end":{"line":35,"column":10}},"loc":{"start":{"line":35,"column":52},"end":{"line":55,"column":null}}},"3":{"name":"(anonymous_24)","decl":{"start":{"line":40,"column":49},"end":{"line":40,"column":54}},"loc":{"start":{"line":40,"column":54},"end":{"line":45,"column":13}}},"4":{"name":"(anonymous_25)","decl":{"start":{"line":57,"column":4},"end":{"line":57,"column":10}},"loc":{"start":{"line":57,"column":51},"end":{"line":83,"column":null}}},"5":{"name":"(anonymous_28)","decl":{"start":{"line":85,"column":4},"end":{"line":85,"column":10}},"loc":{"start":{"line":85,"column":53},"end":{"line":126,"column":null}}},"6":{"name":"(anonymous_31)","decl":{"start":{"line":128,"column":4},"end":{"line":128,"column":10}},"loc":{"start":{"line":128,"column":53},"end":{"line":169,"column":null}}},"7":{"name":"(anonymous_34)","decl":{"start":{"line":171,"column":4},"end":{"line":171,"column":10}},"loc":{"start":{"line":171,"column":53},"end":{"line":193,"column":null}}}},"branchMap":{},"s":{"0":1,"1":1,"2":1,"3":1,"4":0,"5":0,"6":0,"7":0,"8":0,"9":0,"10":0,"11":1,"12":0,"13":0,"14":0,"15":0,"16":0,"17":0,"18":1,"19":0,"20":0,"21":0,"22":0,"23":0,"24":0,"25":1,"26":0,"27":0,"28":0,"29":0,"30":0,"31":1,"32":0,"33":0,"34":0,"35":0,"36":0,"37":1,"38":0,"39":0,"40":0,"41":0,"42":1,"43":1},"f":{"0":2,"1":0,"2":0,"3":0,"4":0,"5":0,"6":0,"7":0},"b":{}}
,"/home/luiz_victor/Projects/Bora Lá/server/src/controller/GroupPageController.ts": {"path":"/home/luiz_victor/Projects/Bora Lá/server/src/controller/GroupPageController.ts","statementMap":{"0":{"start":{"line":2,"column":0},"end":{"line":2,"column":41}},"1":{"start":{"line":7,"column":0},"end":{"line":7,"column":95}},"2":{"start":{"line":9,"column":0},"end":{"line":9,"column":null}},"3":{"start":{"line":11,"column":10},"end":{"line":52,"column":null}},"4":{"start":{"line":15,"column":16},"end":{"line":15,"column":null}},"5":{"start":{"line":18,"column":32},"end":{"line":22,"column":null}},"6":{"start":{"line":18,"column":18},"end":{"line":22,"column":null}},"7":{"start":{"line":23,"column":12},"end":{"line":23,"column":null}},"8":{"start":{"line":24,"column":18},"end":{"line":41,"column":null}},"9":{"start":{"line":25,"column":16},"end":{"line":40,"column":null}},"10":{"start":{"line":43,"column":12},"end":{"line":47,"column":null}},"11":{"start":{"line":50,"column":12},"end":{"line":50,"column":null}},"12":{"start":{"line":55,"column":10},"end":{"line":68,"column":null}},"13":{"start":{"line":57,"column":28},"end":{"line":57,"column":null}},"14":{"start":{"line":57,"column":18},"end":{"line":57,"column":null}},"15":{"start":{"line":59,"column":12},"end":{"line":63,"column":null}},"16":{"start":{"line":66,"column":12},"end":{"line":66,"column":null}},"17":{"start":{"line":70,"column":10},"end":{"line":83,"column":null}},"18":{"start":{"line":72,"column":28},"end":{"line":72,"column":null}},"19":{"start":{"line":72,"column":18},"end":{"line":72,"column":null}},"20":{"start":{"line":74,"column":12},"end":{"line":78,"column":null}},"21":{"start":{"line":81,"column":12},"end":{"line":81,"column":null}},"22":{"start":{"line":85,"column":10},"end":{"line":98,"column":null}},"23":{"start":{"line":87,"column":28},"end":{"line":87,"column":null}},"24":{"start":{"line":87,"column":18},"end":{"line":87,"column":null}},"25":{"start":{"line":89,"column":12},"end":{"line":93,"column":null}},"26":{"start":{"line":96,"column":12},"end":{"line":96,"column":null}},"27":{"start":{"line":100,"column":10},"end":{"line":225,"column":null}},"28":{"start":{"line":104,"column":16},"end":{"line":104,"column":null}},"29":{"start":{"line":107,"column":26},"end":{"line":108,"column":null}},"30":{"start":{"line":107,"column":18},"end":{"line":108,"column":null}},"31":{"start":{"line":110,"column":31},"end":{"line":111,"column":null}},"32":{"start":{"line":110,"column":18},"end":{"line":111,"column":null}},"33":{"start":{"line":113,"column":35},"end":{"line":114,"column":null}},"34":{"start":{"line":113,"column":18},"end":{"line":114,"column":null}},"35":{"start":{"line":116,"column":30},"end":{"line":117,"column":null}},"36":{"start":{"line":116,"column":18},"end":{"line":117,"column":null}},"37":{"start":{"line":120,"column":18},"end":{"line":148,"column":null}},"38":{"start":{"line":122,"column":29},"end":{"line":124,"column":18}},"39":{"start":{"line":123,"column":20},"end":{"line":123,"column":null}},"40":{"start":{"line":126,"column":16},"end":{"line":147,"column":null}},"41":{"start":{"line":150,"column":18},"end":{"line":212,"column":null}},"42":{"start":{"line":152,"column":32},"end":{"line":154,"column":18}},"43":{"start":{"line":153,"column":20},"end":{"line":153,"column":null}},"44":{"start":{"line":156,"column":35},"end":{"line":158,"column":18}},"45":{"start":{"line":157,"column":20},"end":{"line":157,"column":null}},"46":{"start":{"line":160,"column":29},"end":{"line":162,"column":18}},"47":{"start":{"line":161,"column":20},"end":{"line":161,"column":null}},"48":{"start":{"line":164,"column":16},"end":{"line":211,"column":null}},"49":{"start":{"line":165,"column":20},"end":{"line":188,"column":null}},"50":{"start":{"line":191,"column":20},"end":{"line":209,"column":null}},"51":{"start":{"line":214,"column":12},"end":{"line":214,"column":null}},"52":{"start":{"line":216,"column":12},"end":{"line":220,"column":null}},"53":{"start":{"line":223,"column":12},"end":{"line":223,"column":null}},"54":{"start":{"line":227,"column":10},"end":{"line":285,"column":null}},"55":{"start":{"line":230,"column":18},"end":{"line":232,"column":null}},"56":{"start":{"line":235,"column":18},"end":{"line":235,"column":null}},"57":{"start":{"line":236,"column":18},"end":{"line":236,"column":null}},"58":{"start":{"line":237,"column":18},"end":{"line":237,"column":null}},"59":{"start":{"line":238,"column":18},"end":{"line":238,"column":null}},"60":{"start":{"line":239,"column":18},"end":{"line":239,"column":null}},"61":{"start":{"line":242,"column":16},"end":{"line":242,"column":null}},"62":{"start":{"line":245,"column":28},"end":{"line":251,"column":null}},"63":{"start":{"line":245,"column":18},"end":{"line":251,"column":null}},"64":{"start":{"line":253,"column":16},"end":{"line":253,"column":23}},"65":{"start":{"line":254,"column":38},"end":{"line":258,"column":null}},"66":{"start":{"line":254,"column":22},"end":{"line":258,"column":null}},"67":{"start":{"line":260,"column":16},"end":{"line":270,"column":null}},"68":{"start":{"line":272,"column":16},"end":{"line":279,"column":null}},"69":{"start":{"line":283,"column":12},"end":{"line":283,"column":null}},"70":{"start":{"line":287,"column":10},"end":{"line":327,"column":null}},"71":{"start":{"line":289,"column":18},"end":{"line":291,"column":null}},"72":{"start":{"line":295,"column":16},"end":{"line":295,"column":null}},"73":{"start":{"line":298,"column":18},"end":{"line":298,"column":null}},"74":{"start":{"line":299,"column":18},"end":{"line":299,"column":null}},"75":{"start":{"line":300,"column":18},"end":{"line":300,"column":null}},"76":{"start":{"line":301,"column":18},"end":{"line":301,"column":null}},"77":{"start":{"line":302,"column":18},"end":{"line":302,"column":null}},"78":{"start":{"line":304,"column":23},"end":{"line":310,"column":null}},"79":{"start":{"line":304,"column":18},"end":{"line":310,"column":null}},"80":{"start":{"line":312,"column":12},"end":{"line":320,"column":null}},"81":{"start":{"line":323,"column":12},"end":{"line":325,"column":null}},"82":{"start":{"line":329,"column":10},"end":{"line":356,"column":null}},"83":{"start":{"line":332,"column":18},"end":{"line":334,"column":null}},"84":{"start":{"line":337,"column":40},"end":{"line":341,"column":null}},"85":{"start":{"line":337,"column":18},"end":{"line":341,"column":null}},"86":{"start":{"line":343,"column":12},"end":{"line":349,"column":null}},"87":{"start":{"line":352,"column":12},"end":{"line":354,"column":null}},"88":{"start":{"line":357,"column":0},"end":{"line":357,"column":null}},"89":{"start":{"line":359,"column":0},"end":{"line":359,"column":null}}},"fnMap":{"0":{"name":"(anonymous_16)","decl":{"start":{"line":9,"column":0},"end":{"line":9,"column":null}},"loc":{"start":{"line":9,"column":0},"end":{"line":357,"column":null}}},"1":{"name":"(anonymous_18)","decl":{"start":{"line":11,"column":4},"end":{"line":11,"column":10}},"loc":{"start":{"line":11,"column":64},"end":{"line":52,"column":null}}},"2":{"name":"(anonymous_21)","decl":{"start":{"line":24,"column":42},"end":{"line":24,"column":43}},"loc":{"start":{"line":24,"column":54},"end":{"line":41,"column":13}}},"3":{"name":"(anonymous_22)","decl":{"start":{"line":55,"column":4},"end":{"line":55,"column":10}},"loc":{"start":{"line":55,"column":57},"end":{"line":68,"column":null}}},"4":{"name":"(anonymous_25)","decl":{"start":{"line":70,"column":4},"end":{"line":70,"column":10}},"loc":{"start":{"line":70,"column":63},"end":{"line":83,"column":null}}},"5":{"name":"(anonymous_28)","decl":{"start":{"line":85,"column":4},"end":{"line":85,"column":10}},"loc":{"start":{"line":85,"column":59},"end":{"line":98,"column":null}}},"6":{"name":"(anonymous_31)","decl":{"start":{"line":100,"column":4},"end":{"line":100,"column":10}},"loc":{"start":{"line":100,"column":61},"end":{"line":225,"column":null}}},"7":{"name":"(anonymous_34)","decl":{"start":{"line":120,"column":50},"end":{"line":120,"column":51}},"loc":{"start":{"line":120,"column":66},"end":{"line":148,"column":13}}},"8":{"name":"(anonymous_35)","decl":{"start":{"line":122,"column":46},"end":{"line":122,"column":47}},"loc":{"start":{"line":122,"column":58},"end":{"line":124,"column":17}}},"9":{"name":"(anonymous_36)","decl":{"start":{"line":150,"column":41},"end":{"line":150,"column":42}},"loc":{"start":{"line":150,"column":53},"end":{"line":212,"column":13}}},"10":{"name":"(anonymous_37)","decl":{"start":{"line":152,"column":54},"end":{"line":152,"column":55}},"loc":{"start":{"line":152,"column":66},"end":{"line":154,"column":17}}},"11":{"name":"(anonymous_38)","decl":{"start":{"line":156,"column":57},"end":{"line":156,"column":58}},"loc":{"start":{"line":156,"column":79},"end":{"line":158,"column":17}}},"12":{"name":"(anonymous_39)","decl":{"start":{"line":160,"column":46},"end":{"line":160,"column":47}},"loc":{"start":{"line":160,"column":61},"end":{"line":162,"column":17}}},"13":{"name":"(anonymous_40)","decl":{"start":{"line":227,"column":4},"end":{"line":227,"column":10}},"loc":{"start":{"line":227,"column":57},"end":{"line":285,"column":null}}},"14":{"name":"(anonymous_43)","decl":{"start":{"line":287,"column":4},"end":{"line":287,"column":10}},"loc":{"start":{"line":287,"column":59},"end":{"line":327,"column":null}}},"15":{"name":"(anonymous_46)","decl":{"start":{"line":329,"column":4},"end":{"line":329,"column":10}},"loc":{"start":{"line":329,"column":63},"end":{"line":356,"column":null}}}},"branchMap":{"0":{"loc":{"start":{"line":164,"column":16},"end":{"line":211,"column":null}},"type":"if","locations":[{"start":{"line":164,"column":16},"end":{"line":211,"column":null}},{"start":{"line":164,"column":16},"end":{"line":211,"column":null}}]},"1":{"loc":{"start":{"line":272,"column":16},"end":{"line":279,"column":null}},"type":"switch","locations":[{"start":{"line":272,"column":16},"end":{"line":279,"column":null}}]},"2":{"loc":{"start":{"line":253,"column":16},"end":{"line":253,"column":23}},"type":"if","locations":[{"start":{"line":253,"column":16},"end":{"line":253,"column":23}},{"start":{"line":253,"column":16},"end":{"line":253,"column":23}}]}},"s":{"0":1,"1":1,"2":1,"3":1,"4":0,"5":0,"6":0,"7":0,"8":0,"9":0,"10":0,"11":0,"12":1,"13":0,"14":0,"15":0,"16":0,"17":1,"18":0,"19":0,"20":0,"21":0,"22":1,"23":0,"24":0,"25":0,"26":0,"27":1,"28":0,"29":0,"30":0,"31":0,"32":0,"33":0,"34":0,"35":0,"36":0,"37":0,"38":0,"39":0,"40":0,"41":0,"42":0,"43":0,"44":0,"45":0,"46":0,"47":0,"48":0,"49":0,"50":0,"51":0,"52":0,"53":0,"54":1,"55":0,"56":0,"57":0,"58":0,"59":0,"60":0,"61":0,"62":0,"63":0,"64":0,"65":0,"66":0,"67":0,"68":0,"69":0,"70":1,"71":0,"72":0,"73":0,"74":0,"75":0,"76":0,"77":0,"78":0,"79":0,"80":0,"81":0,"82":1,"83":0,"84":0,"85":0,"86":0,"87":0,"88":1,"89":1},"f":{"0":2,"1":0,"2":0,"3":0,"4":0,"5":0,"6":0,"7":0,"8":0,"9":0,"10":0,"11":0,"12":0,"13":0,"14":0,"15":0},"b":{"0":[0,0],"1":[0],"2":[0,0]}}
,"/home/luiz_victor/Projects/Bora Lá/server/src/controller/UserController.ts": {"path":"/home/luiz_victor/Projects/Bora Lá/server/src/controller/UserController.ts","statementMap":{"0":{"start":{"line":2,"column":0},"end":{"line":2,"column":41}},"1":{"start":{"line":4,"column":0},"end":{"line":4,"column":150}},"2":{"start":{"line":8,"column":0},"end":{"line":8,"column":null}},"3":{"start":{"line":10,"column":10},"end":{"line":34,"column":null}},"4":{"start":{"line":13,"column":28},"end":{"line":14,"column":null}},"5":{"start":{"line":13,"column":18},"end":{"line":14,"column":null}},"6":{"start":{"line":16,"column":18},"end":{"line":21,"column":null}},"7":{"start":{"line":17,"column":16},"end":{"line":19,"column":null}},"8":{"start":{"line":23,"column":12},"end":{"line":27,"column":null}},"9":{"start":{"line":31,"column":12},"end":{"line":31,"column":null}},"10":{"start":{"line":36,"column":10},"end":{"line":67,"column":null}},"11":{"start":{"line":40,"column":16},"end":{"line":40,"column":null}},"12":{"start":{"line":43,"column":29},"end":{"line":47,"column":null}},"13":{"start":{"line":43,"column":18},"end":{"line":47,"column":null}},"14":{"start":{"line":49,"column":18},"end":{"line":54,"column":null}},"15":{"start":{"line":50,"column":16},"end":{"line":52,"column":null}},"16":{"start":{"line":56,"column":12},"end":{"line":60,"column":null}},"17":{"start":{"line":64,"column":12},"end":{"line":64,"column":null}},"18":{"start":{"line":69,"column":10},"end":{"line":95,"column":null}},"19":{"start":{"line":72,"column":20},"end":{"line":72,"column":27}},"20":{"start":{"line":73,"column":25},"end":{"line":75,"column":null}},"21":{"start":{"line":73,"column":18},"end":{"line":75,"column":null}},"22":{"start":{"line":77,"column":18},"end":{"line":80,"column":null}},"23":{"start":{"line":82,"column":12},"end":{"line":86,"column":null}},"24":{"start":{"line":90,"column":12},"end":{"line":92,"column":null}},"25":{"start":{"line":97,"column":10},"end":{"line":169,"column":null}},"26":{"start":{"line":99,"column":14},"end":{"line":112,"column":null}},"27":{"start":{"line":117,"column":8},"end":{"line":124,"column":null}},"28":{"start":{"line":121,"column":12},"end":{"line":123,"column":null}},"29":{"start":{"line":128,"column":23},"end":{"line":143,"column":null}},"30":{"start":{"line":128,"column":18},"end":{"line":143,"column":null}},"31":{"start":{"line":145,"column":12},"end":{"line":162,"column":null}},"32":{"start":{"line":165,"column":12},"end":{"line":167,"column":null}},"33":{"start":{"line":171,"column":10},"end":{"line":227,"column":null}},"34":{"start":{"line":174,"column":20},"end":{"line":174,"column":27}},"35":{"start":{"line":176,"column":18},"end":{"line":186,"column":null}},"36":{"start":{"line":189,"column":12},"end":{"line":202,"column":null}},"37":{"start":{"line":204,"column":12},"end":{"line":218,"column":null}},"38":{"start":{"line":222,"column":12},"end":{"line":224,"column":null}},"39":{"start":{"line":229,"column":10},"end":{"line":251,"column":null}},"40":{"start":{"line":232,"column":20},"end":{"line":232,"column":27}},"41":{"start":{"line":234,"column":12},"end":{"line":236,"column":null}},"42":{"start":{"line":238,"column":12},"end":{"line":242,"column":null}},"43":{"start":{"line":246,"column":12},"end":{"line":248,"column":null}},"44":{"start":{"line":252,"column":0},"end":{"line":252,"column":null}},"45":{"start":{"line":254,"column":0},"end":{"line":254,"column":null}}},"fnMap":{"0":{"name":"(anonymous_16)","decl":{"start":{"line":8,"column":0},"end":{"line":8,"column":null}},"loc":{"start":{"line":8,"column":0},"end":{"line":252,"column":null}}},"1":{"name":"(anonymous_18)","decl":{"start":{"line":10,"column":4},"end":{"line":10,"column":10}},"loc":{"start":{"line":10,"column":52},"end":{"line":34,"column":null}}},"2":{"name":"(anonymous_21)","decl":{"start":{"line":16,"column":48},"end":{"line":16,"column":52}},"loc":{"start":{"line":16,"column":52},"end":{"line":21,"column":13}}},"3":{"name":"(anonymous_22)","decl":{"start":{"line":36,"column":4},"end":{"line":36,"column":10}},"loc":{"start":{"line":36,"column":60},"end":{"line":67,"column":null}}},"4":{"name":"(anonymous_25)","decl":{"start":{"line":49,"column":40},"end":{"line":49,"column":45}},"loc":{"start":{"line":49,"column":45},"end":{"line":54,"column":13}}},"5":{"name":"(anonymous_26)","decl":{"start":{"line":69,"column":4},"end":{"line":69,"column":10}},"loc":{"start":{"line":69,"column":51},"end":{"line":95,"column":null}}},"6":{"name":"(anonymous_29)","decl":{"start":{"line":97,"column":4},"end":{"line":97,"column":10}},"loc":{"start":{"line":97,"column":53},"end":{"line":169,"column":null}}},"7":{"name":"(anonymous_32)","decl":{"start":{"line":171,"column":4},"end":{"line":171,"column":10}},"loc":{"start":{"line":171,"column":53},"end":{"line":227,"column":null}}},"8":{"name":"(anonymous_35)","decl":{"start":{"line":229,"column":4},"end":{"line":229,"column":10}},"loc":{"start":{"line":229,"column":53},"end":{"line":251,"column":null}}}},"branchMap":{"0":{"loc":{"start":{"line":117,"column":8},"end":{"line":124,"column":null}},"type":"if","locations":[{"start":{"line":117,"column":8},"end":{"line":124,"column":null}},{"start":{"line":117,"column":8},"end":{"line":124,"column":null}}]},"1":{"loc":{"start":{"line":117,"column":12},"end":{"line":117,"column":25}},"type":"binary-expr","locations":[{"start":{"line":117,"column":12},"end":{"line":117,"column":25}},{"start":{"line":117,"column":29},"end":{"line":117,"column":50}},{"start":{"line":117,"column":54},"end":{"line":117,"column":67}},{"start":{"line":117,"column":71},"end":{"line":117,"column":82}},{"start":{"line":117,"column":86},"end":{"line":117,"column":103}},{"start":{"line":118,"column":15},"end":{"line":118,"column":33}},{"start":{"line":118,"column":37},"end":{"line":118,"column":51}},{"start":{"line":118,"column":55},"end":{"line":118,"column":69}},{"start":{"line":118,"column":73},"end":{"line":118,"column":93}},{"start":{"line":119,"column":15},"end":{"line":119,"column":32}},{"start":{"line":119,"column":36},"end":{"line":119,"column":53}},{"start":{"line":119,"column":57},"end":{"line":119,"column":81}},{"start":{"line":120,"column":15},"end":{"line":120,"column":42}},{"start":{"line":120,"column":46},"end":{"line":120,"column":74}}]}},"s":{"0":1,"1":1,"2":1,"3":1,"4":0,"5":0,"6":0,"7":0,"8":0,"9":0,"10":1,"11":0,"12":0,"13":0,"14":0,"15":0,"16":0,"17":0,"18":1,"19":0,"20":0,"21":0,"22":0,"23":0,"24":0,"25":1,"26":4,"27":4,"28":2,"29":2,"30":2,"31":2,"32":0,"33":1,"34":0,"35":0,"36":0,"37":0,"38":0,"39":1,"40":0,"41":0,"42":0,"43":0,"44":1,"45":1},"f":{"0":2,"1":0,"2":0,"3":0,"4":0,"5":0,"6":4,"7":0,"8":0},"b":{"0":[2,2],"1":[4,3,3,3,3,3,3,3,3,3,3,3,2,2]}}
,"/home/luiz_victor/Projects/Bora Lá/server/src/database/connection.ts": {"path":"/home/luiz_victor/Projects/Bora Lá/server/src/database/connection.ts","statementMap":{"0":{"start":{"line":1,"column":0},"end":{"line":1,"column":23}},"1":{"start":{"line":2,"column":0},"end":{"line":2,"column":23}},"2":{"start":{"line":4,"column":19},"end":{"line":10,"column":2}},"3":{"start":{"line":12,"column":0},"end":{"line":12,"column":null}}},"fnMap":{},"branchMap":{},"s":{"0":1,"1":1,"2":1,"3":1},"f":{},"b":{}}
,"/home/luiz_victor/Projects/Bora Lá/server/src/utils/consts.ts": {"path":"/home/luiz_victor/Projects/Bora Lá/server/src/utils/consts.ts","statementMap":{"0":{"start":{"line":1,"column":13},"end":{"line":1,"column":null}},"1":{"start":{"line":2,"column":13},"end":{"line":2,"column":null}},"2":{"start":{"line":3,"column":13},"end":{"line":3,"column":null}},"3":{"start":{"line":5,"column":13},"end":{"line":5,"column":null}},"4":{"start":{"line":7,"column":13},"end":{"line":7,"column":null}},"5":{"start":{"line":8,"column":13},"end":{"line":8,"column":null}},"6":{"start":{"line":9,"column":13},"end":{"line":9,"column":null}},"7":{"start":{"line":10,"column":13},"end":{"line":10,"column":null}},"8":{"start":{"line":12,"column":13},"end":{"line":12,"column":null}},"9":{"start":{"line":13,"column":13},"end":{"line":13,"column":null}},"10":{"start":{"line":14,"column":13},"end":{"line":14,"column":null}},"11":{"start":{"line":16,"column":11},"end":{"line":16,"column":24}},"12":{"start":{"line":17,"column":15},"end":{"line":17,"column":27}},"13":{"start":{"line":18,"column":13},"end":{"line":18,"column":null}}},"fnMap":{},"branchMap":{},"s":{"0":1,"1":1,"2":1,"3":1,"4":1,"5":1,"6":1,"7":1,"8":1,"9":1,"10":1,"11":1,"12":1,"13":1},"f":{},"b":{}}
}
