TN:
SF:src/routes.ts
FNF:0
FNH:0
DA:1,1
DA:3,1
DA:4,1
DA:5,1
DA:6,1
DA:8,1
DA:9,1
DA:11,1
DA:12,1
DA:14,1
DA:15,1
DA:16,1
DA:17,1
DA:19,1
DA:22,1
DA:31,1
DA:39,1
DA:49,1
LF:18
LH:18
BRF:0
BRH:0
end_of_record
TN:
SF:src/server.ts
FNF:0
FNH:0
DA:1,1
DA:2,1
DA:3,1
DA:4,1
DA:6,1
DA:8,1
DA:9,1
DA:10,1
DA:11,1
DA:12,1
DA:14,1
DA:16,1
LF:12
LH:12
BRF:0
BRH:0
end_of_record
TN:
SF:src/config_multer/multer.ts
FN:8,(anonymous_1)
FNF:1
FNH:0
FNDA:0,(anonymous_1)
DA:1,1
DA:2,1
DA:3,1
DA:5,1
DA:9,0
DA:11,0
DA:13,0
LF:7
LH:4
BRF:0
BRH:0
end_of_record
TN:
SF:src/controller/AuthController.ts
FN:7,(anonymous_14)
FN:9,(anonymous_16)
FNF:2
FNH:1
FNDA:2,(anonymous_14)
FNDA:0,(anonymous_16)
DA:2,1
DA:4,1
DA:7,1
DA:9,1
DA:12,0
DA:17,0
DA:21,0
DA:22,0
DA:26,0
DA:28,0
DA:29,0
DA:31,0
DA:39,0
DA:43,1
DA:46,1
LF:15
LH:6
BRDA:21,0,0,0
BRDA:21,0,1,0
BRDA:28,1,0,0
BRDA:28,1,1,0
BRF:4
BRH:0
end_of_record
TN:
SF:src/controller/GroupController.ts
FN:5,(anonymous_16)
FN:7,(anonymous_18)
FN:35,(anonymous_21)
FN:40,(anonymous_24)
FN:57,(anonymous_25)
FN:85,(anonymous_28)
FN:128,(anonymous_31)
FN:171,(anonymous_34)
FNF:8
FNH:1
FNDA:2,(anonymous_16)
FNDA:0,(anonymous_18)
FNDA:0,(anonymous_21)
FNDA:0,(anonymous_24)
FNDA:0,(anonymous_25)
FNDA:0,(anonymous_28)
FNDA:0,(anonymous_31)
FNDA:0,(anonymous_34)
DA:2,1
DA:3,1
DA:5,1
DA:7,1
DA:11,0
DA:14,0
DA:19,0
DA:24,0
DA:31,0
DA:35,1
DA:37,0
DA:40,0
DA:41,0
DA:47,0
DA:53,0
DA:57,1
DA:60,0
DA:61,0
DA:65,0
DA:70,0
DA:78,0
DA:85,1
DA:88,0
DA:97,0
DA:107,0
DA:121,0
DA:128,1
DA:131,0
DA:133,0
DA:141,0
DA:151,0
DA:164,0
DA:171,1
DA:174,0
DA:176,0
DA:180,0
DA:188,0
DA:194,1
DA:196,1
LF:39
LH:11
BRF:0
BRH:0
end_of_record
TN:
SF:src/controller/GroupPageController.ts
FN:9,(anonymous_16)
FN:11,(anonymous_18)
FN:24,(anonymous_21)
FN:55,(anonymous_22)
FN:70,(anonymous_25)
FN:85,(anonymous_28)
FN:100,(anonymous_31)
FN:120,(anonymous_34)
FN:122,(anonymous_35)
FN:150,(anonymous_36)
FN:152,(anonymous_37)
FN:156,(anonymous_38)
FN:160,(anonymous_39)
FN:227,(anonymous_40)
FN:287,(anonymous_43)
FN:329,(anonymous_46)
FNF:16
FNH:1
FNDA:2,(anonymous_16)
FNDA:0,(anonymous_18)
FNDA:0,(anonymous_21)
FNDA:0,(anonymous_22)
FNDA:0,(anonymous_25)
FNDA:0,(anonymous_28)
FNDA:0,(anonymous_31)
FNDA:0,(anonymous_34)
FNDA:0,(anonymous_35)
FNDA:0,(anonymous_36)
FNDA:0,(anonymous_37)
FNDA:0,(anonymous_38)
FNDA:0,(anonymous_39)
FNDA:0,(anonymous_40)
FNDA:0,(anonymous_43)
FNDA:0,(anonymous_46)
DA:2,1
DA:7,1
DA:9,1
DA:11,1
DA:15,0
DA:18,0
DA:23,0
DA:24,0
DA:25,0
DA:43,0
DA:50,0
DA:55,1
DA:57,0
DA:59,0
DA:66,0
DA:70,1
DA:72,0
DA:74,0
DA:81,0
DA:85,1
DA:87,0
DA:89,0
DA:96,0
DA:100,1
DA:104,0
DA:107,0
DA:110,0
DA:113,0
DA:116,0
DA:120,0
DA:122,0
DA:123,0
DA:126,0
DA:150,0
DA:152,0
DA:153,0
DA:156,0
DA:157,0
DA:160,0
DA:161,0
DA:164,0
DA:165,0
DA:191,0
DA:214,0
DA:216,0
DA:223,0
DA:227,1
DA:230,0
DA:235,0
DA:236,0
DA:237,0
DA:238,0
DA:239,0
DA:242,0
DA:245,0
DA:253,0
DA:254,0
DA:260,0
DA:272,0
DA:283,0
DA:287,1
DA:289,0
DA:295,0
DA:298,0
DA:299,0
DA:300,0
DA:301,0
DA:302,0
DA:304,0
DA:312,0
DA:323,0
DA:329,1
DA:332,0
DA:337,0
DA:343,0
DA:352,0
DA:357,1
DA:359,1
LF:78
LH:13
BRDA:164,0,0,0
BRDA:164,0,1,0
BRDA:272,1,0,0
BRDA:253,2,0,0
BRDA:253,2,1,0
BRF:5
BRH:0
end_of_record
TN:
SF:src/controller/UserController.ts
FN:8,(anonymous_16)
FN:10,(anonymous_18)
FN:16,(anonymous_21)
FN:36,(anonymous_22)
FN:49,(anonymous_25)
FN:69,(anonymous_26)
FN:97,(anonymous_29)
FN:171,(anonymous_32)
FN:229,(anonymous_35)
FNF:9
FNH:2
FNDA:2,(anonymous_16)
FNDA:0,(anonymous_18)
FNDA:0,(anonymous_21)
FNDA:0,(anonymous_22)
FNDA:0,(anonymous_25)
FNDA:0,(anonymous_26)
FNDA:4,(anonymous_29)
FNDA:0,(anonymous_32)
FNDA:0,(anonymous_35)
DA:2,1
DA:4,1
DA:8,1
DA:10,1
DA:13,0
DA:16,0
DA:17,0
DA:23,0
DA:31,0
DA:36,1
DA:40,0
DA:43,0
DA:49,0
DA:50,0
DA:56,0
DA:64,0
DA:69,1
DA:72,0
DA:73,0
DA:77,0
DA:82,0
DA:90,0
DA:97,1
DA:99,4
DA:117,4
DA:121,2
DA:128,2
DA:145,2
DA:165,0
DA:171,1
DA:174,0
DA:176,0
DA:189,0
DA:204,0
DA:222,0
DA:229,1
DA:232,0
DA:234,0
DA:238,0
DA:246,0
DA:252,1
DA:254,1
LF:42
LH:16
BRDA:117,0,0,2
BRDA:117,0,1,2
BRDA:117,1,0,4
BRDA:117,1,1,3
BRDA:117,1,2,3
BRDA:117,1,3,3
BRDA:117,1,4,3
BRDA:117,1,5,3
BRDA:117,1,6,3
BRDA:117,1,7,3
BRDA:117,1,8,3
BRDA:117,1,9,3
BRDA:117,1,10,3
BRDA:117,1,11,3
BRDA:117,1,12,2
BRDA:117,1,13,2
BRF:16
BRH:16
end_of_record
TN:
SF:src/database/connection.ts
FNF:0
FNH:0
DA:1,1
DA:2,1
DA:4,1
DA:12,1
LF:4
LH:4
BRF:0
BRH:0
end_of_record
TN:
SF:src/utils/consts.ts
FNF:0
FNH:0
DA:1,1
DA:2,1
DA:3,1
DA:5,1
DA:7,1
DA:8,1
DA:9,1
DA:10,1
DA:12,1
DA:13,1
DA:14,1
DA:16,1
DA:17,1
DA:18,1
LF:14
LH:14
BRF:0
BRH:0
end_of_record
